<?xml version="1.0" encoding="UTF-8"?>
<!-- Generated by org.testng.reporters.JUnitReportReporter -->
<testsuite skipped="0" hostname="LAPTOP-U7NGCTPE" name="qaautomation.march2022.AppTestAfterPOMFactory" tests="3" failures="0" timestamp="09 May 2022 04:12:55 GMT" time="60.843" errors="0">
  <testcase name="loginandsuccess" time="12.948" classname="qaautomation.march2022.AppTestAfterPOMFactory"/>
  <testcase name="loginWithoutClickBtn" time="34.011" classname="qaautomation.march2022.AppTestAfterPOMFactory"/>
  <testcase name="loginWithInvalidPass" time="13.884" classname="qaautomation.march2022.AppTestAfterPOMFactory"/>
</testsuite> <!-- qaautomation.march2022.AppTestAfterPOMFactory -->
