<?xml version="1.0" encoding="UTF-8"?>
<!-- Generated by org.testng.reporters.JUnitReportReporter -->
<testsuite skipped="0" hostname="LAPTOP-U7NGCTPE" name="qaautomation.march2022.KolakProjectRegister" tests="2" failures="0" timestamp="10 May 2022 07:56:38 GMT" time="16.089" errors="0">
  <testcase name="registerKolakHasBeenTaken" time="13.642" classname="qaautomation.march2022.KolakProjectRegister"/>
  <testcase name="registerKolakSuccess" time="2.447" classname="qaautomation.march2022.KolakProjectRegister"/>
</testsuite> <!-- qaautomation.march2022.KolakProjectRegister -->
