<?xml version="1.0" encoding="UTF-8"?>
<!-- Generated by org.testng.reporters.JUnitReportReporter -->
<testsuite skipped="0" hostname="LAPTOP-U7NGCTPE" name="qaautomation.march2022.AppTestAfterPOMFactoryYopmail" tests="1" failures="0" timestamp="10 May 2022 08:51:10 GMT" time="41.366" errors="0">
  <testcase name="getFirstMessage" time="41.366" classname="qaautomation.march2022.AppTestAfterPOMFactoryYopmail"/>
</testsuite> <!-- qaautomation.march2022.AppTestAfterPOMFactoryYopmail -->
